
SQL*Loader: Release 11.1.0.6.0 - Production on Tue May 20 01:47:08 2008

Copyright (c) 1982, 2007, Oracle.  All rights reserved.

Control File:   MultiEmp.ctl
Data File:      /MyData/CSV/MumbaiEmployeesFixedLength.txt
  Bad File:     MumbaiEmployeesFixedLength.bad
  Discard File:  none specified
 
 (Allow all discards)

Number to load: ALL
Number to skip: 0
Errors allowed: 50
Bind array:     64 rows, maximum of 256000 bytes
Continuation:    none specified
Path used:      Conventional

Table MUMBAIEMPLOYEES, loaded when DEPTNO = 0X31(character '1')
Insert option in effect for this table: APPEND

   Column Name                  Position   Len  Term Encl Datatype
------------------------------ ---------- ----- ---- ---- ---------------------
EMPLOYEENO                           1:10    10           CHARACTER            
FIRSTNAME                           12:60    49           CHARACTER            
LASTNAME                           62:110    49           CHARACTER            
SALARY                            112:121    10           CHARACTER            
DEPTNO                            123:132    10           CHARACTER            
GENDER                            134:140     7           CHARACTER            

Table PUNEEMPLOYEES, loaded when DEPTNO = 0X32(character '2')
Insert option in effect for this table: APPEND

   Column Name                  Position   Len  Term Encl Datatype
------------------------------ ---------- ----- ---- ---- ---------------------
EMPLOYEENO                           1:10    10           CHARACTER            
FIRSTNAME                           12:60    49           CHARACTER            
LASTNAME                           62:110    49           CHARACTER            
SALARY                            112:121    10           CHARACTER            
DEPTNO                            123:132    10           CHARACTER            
GENDER                            134:140     7           CHARACTER            


Table MUMBAIEMPLOYEES:
  3 Rows successfully loaded.
  0 Rows not loaded due to data errors.
  2 Rows not loaded because all WHEN clauses were failed.
  0 Rows not loaded because all fields were null.


Table PUNEEMPLOYEES:
  2 Rows successfully loaded.
  0 Rows not loaded due to data errors.
  3 Rows not loaded because all WHEN clauses were failed.
  0 Rows not loaded because all fields were null.


Space allocated for bind array:                  19200 bytes(64 rows)
Read   buffer bytes: 1048576

Total logical records skipped:          0
Total logical records read:             5
Total logical records rejected:         0
Total logical records discarded:        0

Run began on Tue May 20 01:47:08 2008
Run ended on Tue May 20 01:47:08 2008

Elapsed time was:     00:00:00.21
CPU time was:         00:00:00.04
